# JRE version: OpenJDK Runtime Environment (21.0.3) (build 21.0.3+-12282718-b509.11)
# Java VM: OpenJDK 64-Bit Server VM (21.0.3+-12282718-b509.11, mixed mode, tiered, compressed oops, compressed class ptrs, g1 gc, windows-amd64)
GC Precious Log:
 CardTable entry size: 512
 Card Set container configuration: InlinePtr #cards 5 size 8 Array Of Cards #cards 12 size 40 Howl #buckets 4 coarsen threshold 1843 Howl Bitmap #cards 512 size 80 coarsen threshold 460 Card regions per heap region 1 cards per card region 2048
 CPUs: 16 total, 16 available
 Memory: 15789M
 Large Page Support: Disabled
 NUMA Support: Disabled
 Compressed Oops: Enabled (32-bit)
 Heap Region Size: 1M
 Heap Min Capacity: 8M
 Heap Initial Capacity: 248M
 Heap Max Capacity: 2G
 Pre-touch: Disabled
 Parallel Workers: 13
 Concurrent Workers: 3
 Concurrent Refinement Workers: 13
 Periodic GC: Disabled
Heap:
 garbage-first heap   total 246784K, used 188975K [0x0000000080000000, 0x0000000100000000)
  region size 1024K, 45 young (46080K), 10 survivors (10240K)
 Metaspace       used 110719K, committed 112832K, reserved 1179648K
  class space    used 15142K, committed 16192K, reserved 1048576K
GC Heap History (20 events):
Event: 8.103 GC heap before
{Heap before GC invocations=26 (full 0):
 garbage-first heap   total 160768K, used 137168K [0x0000000080000000, 0x0000000100000000)
  region size 1024K, 50 young (51200K), 4 survivors (4096K)
 Metaspace       used 73105K, committed 74880K, reserved 1114112K
  class space    used 9987K, committed 10880K, reserved 1048576K
}
Event: 8.107 GC heap after
{Heap after GC invocations=27 (full 0):
 garbage-first heap   total 160768K, used 90284K [0x0000000080000000, 0x0000000100000000)
  region size 1024K, 4 young (4096K), 4 survivors (4096K)
 Metaspace       used 73105K, committed 74880K, reserved 1114112K
  class space    used 9987K, committed 10880K, reserved 1048576K
}
Event: 8.199 GC heap before
{Heap before GC invocations=27 (full 0):
 garbage-first heap   total 160768K, used 138412K [0x0000000080000000, 0x0000000100000000)
  region size 1024K, 52 young (53248K), 4 survivors (4096K)
 Metaspace       used 73113K, committed 74880K, reserved 1114112K
  class space    used 9988K, committed 10880K, reserved 1048576K
}
Event: 8.201 GC heap after
{Heap after GC invocations=28 (full 0):
 garbage-first heap   total 160768K, used 91599K [0x0000000080000000, 0x0000000100000000)
  region size 1024K, 5 young (5120K), 5 survivors (5120K)
 Metaspace       used 73113K, committed 74880K, reserved 1114112K
  class space    used 9988K, committed 10880K, reserved 1048576K
}
Event: 8.592 GC heap before
{Heap before GC invocations=29 (full 0):
 garbage-first heap   total 189440K, used 154063K [0x0000000080000000, 0x0000000100000000)
  region size 1024K, 53 young (54272K), 5 survivors (5120K)
 Metaspace       used 74083K, committed 75968K, reserved 1114112K
  class space    used 10122K, committed 11072K, reserved 1048576K
}
Event: 8.596 GC heap after
{Heap after GC invocations=30 (full 0):
 garbage-first heap   total 189440K, used 112003K [0x0000000080000000, 0x0000000100000000)
  region size 1024K, 7 young (7168K), 7 survivors (7168K)
 Metaspace       used 74083K, committed 75968K, reserved 1114112K
  class space    used 10122K, committed 11072K, reserved 1048576K
}
Event: 9.128 GC heap before
{Heap before GC invocations=30 (full 0):
 garbage-first heap   total 189440K, used 164227K [0x0000000080000000, 0x0000000100000000)
  region size 1024K, 58 young (59392K), 7 survivors (7168K)
 Metaspace       used 79005K, committed 80896K, reserved 1179648K
  class space    used 10656K, committed 11584K, reserved 1048576K
}
Event: 9.131 GC heap after
{Heap after GC invocations=31 (full 0):
 garbage-first heap   total 189440K, used 114041K [0x0000000080000000, 0x0000000100000000)
  region size 1024K, 3 young (3072K), 3 survivors (3072K)
 Metaspace       used 79005K, committed 80896K, reserved 1179648K
  class space    used 10656K, committed 11584K, reserved 1048576K
}
Event: 9.599 GC heap before
{Heap before GC invocations=31 (full 0):
 garbage-first heap   total 189440K, used 160121K [0x0000000080000000, 0x0000000100000000)
  region size 1024K, 49 young (50176K), 3 survivors (3072K)
 Metaspace       used 84607K, committed 86528K, reserved 1179648K
  class space    used 11372K, committed 12352K, reserved 1048576K
}
Event: 9.603 GC heap after
{Heap after GC invocations=32 (full 0):
 garbage-first heap   total 189440K, used 116853K [0x0000000080000000, 0x0000000100000000)
  region size 1024K, 5 young (5120K), 5 survivors (5120K)
 Metaspace       used 84607K, committed 86528K, reserved 1179648K
  class space    used 11372K, committed 12352K, reserved 1048576K
}
Event: 10.049 GC heap before
{Heap before GC invocations=33 (full 0):
 garbage-first heap   total 220160K, used 175221K [0x0000000080000000, 0x0000000100000000)
  region size 1024K, 57 young (58368K), 5 survivors (5120K)
 Metaspace       used 87715K, committed 89728K, reserved 1179648K
  class space    used 11797K, committed 12800K, reserved 1048576K
}
Event: 10.053 GC heap after
{Heap after GC invocations=34 (full 0):
 garbage-first heap   total 220160K, used 122433K [0x0000000080000000, 0x0000000100000000)
  region size 1024K, 8 young (8192K), 8 survivors (8192K)
 Metaspace       used 87715K, committed 89728K, reserved 1179648K
  class space    used 11797K, committed 12800K, reserved 1048576K
}
Event: 10.803 GC heap before
{Heap before GC invocations=34 (full 0):
 garbage-first heap   total 220160K, used 193089K [0x0000000080000000, 0x0000000100000000)
  region size 1024K, 73 young (74752K), 8 survivors (8192K)
 Metaspace       used 94072K, committed 96000K, reserved 1179648K
  class space    used 12605K, committed 13568K, reserved 1048576K
}
Event: 10.808 GC heap after
{Heap after GC invocations=35 (full 0):
 garbage-first heap   total 220160K, used 129992K [0x0000000080000000, 0x0000000100000000)
  region size 1024K, 10 young (10240K), 10 survivors (10240K)
 Metaspace       used 94072K, committed 96000K, reserved 1179648K
  class space    used 12605K, committed 13568K, reserved 1048576K
}
Event: 11.268 GC heap before
{Heap before GC invocations=35 (full 0):
 garbage-first heap   total 220160K, used 196552K [0x0000000080000000, 0x0000000100000000)
  region size 1024K, 75 young (76800K), 10 survivors (10240K)
 Metaspace       used 96555K, committed 98560K, reserved 1179648K
  class space    used 12945K, committed 13952K, reserved 1048576K
}
Event: 11.273 GC heap after
{Heap after GC invocations=36 (full 0):
 garbage-first heap   total 220160K, used 135380K [0x0000000080000000, 0x0000000100000000)
  region size 1024K, 10 young (10240K), 10 survivors (10240K)
 Metaspace       used 96555K, committed 98560K, reserved 1179648K
  class space    used 12945K, committed 13952K, reserved 1048576K
}
Event: 12.075 GC heap before
{Heap before GC invocations=37 (full 0):
 garbage-first heap   total 234496K, used 196820K [0x0000000080000000, 0x0000000100000000)
  region size 1024K, 70 young (71680K), 10 survivors (10240K)
 Metaspace       used 106405K, committed 108480K, reserved 1179648K
  class space    used 14309K, committed 15360K, reserved 1048576K
}
Event: 12.079 GC heap after
{Heap after GC invocations=38 (full 0):
 garbage-first heap   total 234496K, used 137663K [0x0000000080000000, 0x0000000100000000)
  region size 1024K, 3 young (3072K), 3 survivors (3072K)
 Metaspace       used 106405K, committed 108480K, reserved 1179648K
  class space    used 14309K, committed 15360K, reserved 1048576K
}
Event: 12.520 GC heap before
{Heap before GC invocations=38 (full 0):
 garbage-first heap   total 234496K, used 223679K [0x0000000080000000, 0x0000000100000000)
  region size 1024K, 80 young (81920K), 3 survivors (3072K)
 Metaspace       used 110529K, committed 112640K, reserved 1179648K
  class space    used 15123K, committed 16192K, reserved 1048576K
}
Event: 12.530 GC heap after
{Heap after GC invocations=39 (full 0):
 garbage-first heap   total 246784K, used 154159K [0x0000000080000000, 0x0000000100000000)
  region size 1024K, 10 young (10240K), 10 survivors (10240K)
 Metaspace       used 110529K, committed 112640K, reserved 1179648K
  class space    used 15123K, committed 16192K, reserved 1048576K
}

