# JRE version: OpenJDK Runtime Environment (21.0.3) (build 21.0.3+-12282718-b509.11)
# Java VM: OpenJDK 64-Bit Server VM (21.0.3+-12282718-b509.11, mixed mode, tiered, compressed oops, compressed class ptrs, g1 gc, windows-amd64)
GC Precious Log:
 CardTable entry size: 512
 Card Set container configuration: InlinePtr #cards 4 size 8 Array Of Cards #cards 16 size 48 Howl #buckets 8 coarsen threshold 3686 Howl Bitmap #cards 512 size 80 coarsen threshold 460 Card regions per heap region 1 cards per card region 4096
 CPUs: 16 total, 16 available
 Memory: 15789M
 Large Page Support: Disabled
 NUMA Support: Disabled
 Compressed Oops: Enabled (Zero based)
 Heap Region Size: 2M
 Heap Min Capacity: 8M
 Heap Initial Capacity: 248M
 Heap Max Capacity: 3948M
 Pre-touch: Disabled
 Parallel Workers: 13
 Concurrent Workers: 3
 Concurrent Refinement Workers: 13
 Periodic GC: Disabled
Heap:
 garbage-first heap   total 290816K, used 230414K [0x0000000709400000, 0x0000000800000000)
  region size 2048K, 39 young (79872K), 6 survivors (12288K)
 Metaspace       used 84681K, committed 85440K, reserved 1179648K
  class space    used 8869K, committed 9216K, reserved 1048576K
GC Heap History (20 events):
Event: 14.400 GC heap before
{Heap before GC invocations=21 (full 0):
 garbage-first heap   total 188416K, used 167955K [0x0000000709400000, 0x0000000800000000)
  region size 2048K, 31 young (63488K), 3 survivors (6144K)
 Metaspace       used 69916K, committed 70656K, reserved 1114112K
  class space    used 7698K, committed 8064K, reserved 1048576K
}
Event: 14.407 GC heap after
{Heap after GC invocations=22 (full 0):
 garbage-first heap   total 188416K, used 114766K [0x0000000709400000, 0x0000000800000000)
  region size 2048K, 3 young (6144K), 3 survivors (6144K)
 Metaspace       used 69916K, committed 70656K, reserved 1114112K
  class space    used 7698K, committed 8064K, reserved 1048576K
}
Event: 15.506 GC heap before
{Heap before GC invocations=23 (full 0):
 garbage-first heap   total 202752K, used 168014K [0x0000000709400000, 0x0000000800000000)
  region size 2048K, 29 young (59392K), 3 survivors (6144K)
 Metaspace       used 70238K, committed 70976K, reserved 1114112K
  class space    used 7700K, committed 8064K, reserved 1048576K
}
Event: 15.515 GC heap after
{Heap after GC invocations=24 (full 0):
 garbage-first heap   total 202752K, used 119355K [0x0000000709400000, 0x0000000800000000)
  region size 2048K, 4 young (8192K), 4 survivors (8192K)
 Metaspace       used 70238K, committed 70976K, reserved 1114112K
  class space    used 7700K, committed 8064K, reserved 1048576K
}
Event: 16.312 GC heap before
{Heap before GC invocations=24 (full 0):
 garbage-first heap   total 202752K, used 180795K [0x0000000709400000, 0x0000000800000000)
  region size 2048K, 34 young (69632K), 4 survivors (8192K)
 Metaspace       used 70668K, committed 71424K, reserved 1114112K
  class space    used 7708K, committed 8064K, reserved 1048576K
}
Event: 16.328 GC heap after
{Heap after GC invocations=25 (full 0):
 garbage-first heap   total 202752K, used 124329K [0x0000000709400000, 0x0000000800000000)
  region size 2048K, 5 young (10240K), 5 survivors (10240K)
 Metaspace       used 70668K, committed 71424K, reserved 1114112K
  class space    used 7708K, committed 8064K, reserved 1048576K
}
Event: 16.938 GC heap before
{Heap before GC invocations=25 (full 0):
 garbage-first heap   total 202752K, used 179625K [0x0000000709400000, 0x0000000800000000)
  region size 2048K, 32 young (65536K), 5 survivors (10240K)
 Metaspace       used 70862K, committed 71616K, reserved 1114112K
  class space    used 7709K, committed 8064K, reserved 1048576K
}
Event: 16.949 GC heap after
{Heap after GC invocations=26 (full 0):
 garbage-first heap   total 243712K, used 129207K [0x0000000709400000, 0x0000000800000000)
  region size 2048K, 3 young (6144K), 3 survivors (6144K)
 Metaspace       used 70862K, committed 71616K, reserved 1114112K
  class space    used 7709K, committed 8064K, reserved 1048576K
}
Event: 18.025 GC heap before
{Heap before GC invocations=27 (full 0):
 garbage-first heap   total 243712K, used 219319K [0x0000000709400000, 0x0000000800000000)
  region size 2048K, 47 young (96256K), 3 survivors (6144K)
 Metaspace       used 71153K, committed 71872K, reserved 1114112K
  class space    used 7714K, committed 8064K, reserved 1048576K
}
Event: 18.033 GC heap after
{Heap after GC invocations=28 (full 0):
 garbage-first heap   total 243712K, used 135094K [0x0000000709400000, 0x0000000800000000)
  region size 2048K, 6 young (12288K), 6 survivors (12288K)
 Metaspace       used 71153K, committed 71872K, reserved 1114112K
  class space    used 7714K, committed 8064K, reserved 1048576K
}
Event: 18.875 GC heap before
{Heap before GC invocations=28 (full 0):
 garbage-first heap   total 243712K, used 214966K [0x0000000709400000, 0x0000000800000000)
  region size 2048K, 45 young (92160K), 6 survivors (12288K)
 Metaspace       used 71291K, committed 72000K, reserved 1114112K
  class space    used 7722K, committed 8064K, reserved 1048576K
}
Event: 18.892 GC heap after
{Heap after GC invocations=29 (full 0):
 garbage-first heap   total 243712K, used 138265K [0x0000000709400000, 0x0000000800000000)
  region size 2048K, 6 young (12288K), 6 survivors (12288K)
 Metaspace       used 71291K, committed 72000K, reserved 1114112K
  class space    used 7722K, committed 8064K, reserved 1048576K
}
Event: 19.189 GC heap before
{Heap before GC invocations=29 (full 0):
 garbage-first heap   total 243712K, used 164889K [0x0000000709400000, 0x0000000800000000)
  region size 2048K, 20 young (40960K), 6 survivors (12288K)
 Metaspace       used 71498K, committed 72192K, reserved 1114112K
  class space    used 7722K, committed 8064K, reserved 1048576K
}
Event: 19.198 GC heap after
{Heap after GC invocations=30 (full 0):
 garbage-first heap   total 243712K, used 141922K [0x0000000709400000, 0x0000000800000000)
  region size 2048K, 5 young (10240K), 5 survivors (10240K)
 Metaspace       used 71498K, committed 72192K, reserved 1114112K
  class space    used 7722K, committed 8064K, reserved 1048576K
}
Event: 19.900 GC heap before
{Heap before GC invocations=31 (full 0):
 garbage-first heap   total 270336K, used 223842K [0x0000000709400000, 0x0000000800000000)
  region size 2048K, 40 young (81920K), 5 survivors (10240K)
 Metaspace       used 72220K, committed 72960K, reserved 1114112K
  class space    used 7777K, committed 8128K, reserved 1048576K
}
Event: 19.911 GC heap after
{Heap after GC invocations=32 (full 0):
 garbage-first heap   total 270336K, used 154809K [0x0000000709400000, 0x0000000800000000)
  region size 2048K, 3 young (6144K), 3 survivors (6144K)
 Metaspace       used 72220K, committed 72960K, reserved 1114112K
  class space    used 7777K, committed 8128K, reserved 1048576K
}
Event: 20.767 GC heap before
{Heap before GC invocations=32 (full 0):
 garbage-first heap   total 270336K, used 246969K [0x0000000709400000, 0x0000000800000000)
  region size 2048K, 48 young (98304K), 3 survivors (6144K)
 Metaspace       used 74544K, committed 75264K, reserved 1179648K
  class space    used 7993K, committed 8320K, reserved 1048576K
}
Event: 20.782 GC heap after
{Heap after GC invocations=33 (full 0):
 garbage-first heap   total 270336K, used 156663K [0x0000000709400000, 0x0000000800000000)
  region size 2048K, 5 young (10240K), 5 survivors (10240K)
 Metaspace       used 74544K, committed 75264K, reserved 1179648K
  class space    used 7993K, committed 8320K, reserved 1048576K
}
Event: 21.938 GC heap before
{Heap before GC invocations=33 (full 0):
 garbage-first heap   total 270336K, used 240631K [0x0000000709400000, 0x0000000800000000)
  region size 2048K, 46 young (94208K), 5 survivors (10240K)
 Metaspace       used 79978K, committed 80704K, reserved 1179648K
  class space    used 8462K, committed 8832K, reserved 1048576K
}
Event: 21.969 GC heap after
{Heap after GC invocations=34 (full 0):
 garbage-first heap   total 270336K, used 166926K [0x0000000709400000, 0x0000000800000000)
  region size 2048K, 6 young (12288K), 6 survivors (12288K)
 Metaspace       used 79978K, committed 80704K, reserved 1179648K
  class space    used 8462K, committed 8832K, reserved 1048576K
}

