# JRE version: OpenJDK Runtime Environment (21.0.3) (build 21.0.3+-12282718-b509.11)
# Java VM: OpenJDK 64-Bit Server VM (21.0.3+-12282718-b509.11, mixed mode, tiered, compressed oops, compressed class ptrs, g1 gc, windows-amd64)
GC Precious Log:
 CardTable entry size: 512
 Card Set container configuration: InlinePtr #cards 4 size 8 Array Of Cards #cards 16 size 48 Howl #buckets 8 coarsen threshold 3686 Howl Bitmap #cards 512 size 80 coarsen threshold 460 Card regions per heap region 1 cards per card region 4096
 CPUs: 16 total, 16 available
 Memory: 15789M
 Large Page Support: Disabled
 NUMA Support: Disabled
 Compressed Oops: Enabled (Zero based)
 Heap Region Size: 2M
 Heap Min Capacity: 8M
 Heap Initial Capacity: 248M
 Heap Max Capacity: 3948M
 Pre-touch: Disabled
 Parallel Workers: 13
 Concurrent Workers: 3
 Concurrent Refinement Workers: 13
 Periodic GC: Disabled
Heap:
 garbage-first heap   total 231424K, used 155458K [0x0000000709400000, 0x0000000800000000)
  region size 2048K, 15 young (30720K), 2 survivors (4096K)
 Metaspace       used 84265K, committed 85056K, reserved 1179648K
  class space    used 8901K, committed 9280K, reserved 1048576K
GC Heap History (20 events):
Event: 6.742 GC heap before
{Heap before GC invocations=13 (full 0):
 garbage-first heap   total 153600K, used 122373K [0x0000000709400000, 0x0000000800000000)
  region size 2048K, 31 young (63488K), 4 survivors (8192K)
 Metaspace       used 63267K, committed 64064K, reserved 1114112K
  class space    used 7260K, committed 7616K, reserved 1048576K
}
Event: 6.756 GC heap after
{Heap after GC invocations=14 (full 0):
 garbage-first heap   total 153600K, used 75776K [0x0000000709400000, 0x0000000800000000)
  region size 2048K, 4 young (8192K), 4 survivors (8192K)
 Metaspace       used 63267K, committed 64064K, reserved 1114112K
  class space    used 7260K, committed 7616K, reserved 1048576K
}
Event: 7.950 GC heap before
{Heap before GC invocations=14 (full 0):
 garbage-first heap   total 153600K, used 126976K [0x0000000709400000, 0x0000000800000000)
  region size 2048K, 29 young (59392K), 4 survivors (8192K)
 Metaspace       used 65463K, committed 66240K, reserved 1114112K
  class space    used 7360K, committed 7744K, reserved 1048576K
}
Event: 7.971 GC heap after
{Heap after GC invocations=15 (full 0):
 garbage-first heap   total 184320K, used 82598K [0x0000000709400000, 0x0000000800000000)
  region size 2048K, 4 young (8192K), 4 survivors (8192K)
 Metaspace       used 65463K, committed 66240K, reserved 1114112K
  class space    used 7360K, committed 7744K, reserved 1048576K
}
Event: 9.281 GC heap before
{Heap before GC invocations=15 (full 0):
 garbage-first heap   total 184320K, used 152230K [0x0000000709400000, 0x0000000800000000)
  region size 2048K, 38 young (77824K), 4 survivors (8192K)
 Metaspace       used 66074K, committed 66816K, reserved 1114112K
  class space    used 7367K, committed 7744K, reserved 1048576K
}
Event: 9.296 GC heap after
{Heap after GC invocations=16 (full 0):
 garbage-first heap   total 184320K, used 93005K [0x0000000709400000, 0x0000000800000000)
  region size 2048K, 5 young (10240K), 5 survivors (10240K)
 Metaspace       used 66074K, committed 66816K, reserved 1114112K
  class space    used 7367K, committed 7744K, reserved 1048576K
}
Event: 9.905 GC heap before
{Heap before GC invocations=16 (full 0):
 garbage-first heap   total 184320K, used 133965K [0x0000000709400000, 0x0000000800000000)
  region size 2048K, 26 young (53248K), 5 survivors (10240K)
 Metaspace       used 67578K, committed 68352K, reserved 1114112K
  class space    used 7490K, committed 7872K, reserved 1048576K
}
Event: 9.916 GC heap after
{Heap after GC invocations=17 (full 0):
 garbage-first heap   total 184320K, used 99878K [0x0000000709400000, 0x0000000800000000)
  region size 2048K, 4 young (8192K), 4 survivors (8192K)
 Metaspace       used 67578K, committed 68352K, reserved 1114112K
  class space    used 7490K, committed 7872K, reserved 1048576K
}
Event: 10.848 GC heap before
{Heap before GC invocations=18 (full 0):
 garbage-first heap   total 184320K, used 157222K [0x0000000709400000, 0x0000000800000000)
  region size 2048K, 32 young (65536K), 4 survivors (8192K)
 Metaspace       used 70356K, committed 71232K, reserved 1114112K
  class space    used 7758K, committed 8192K, reserved 1048576K
}
Event: 10.858 GC heap after
{Heap after GC invocations=19 (full 0):
 garbage-first heap   total 184320K, used 107303K [0x0000000709400000, 0x0000000800000000)
  region size 2048K, 4 young (8192K), 4 survivors (8192K)
 Metaspace       used 70356K, committed 71232K, reserved 1114112K
  class space    used 7758K, committed 8192K, reserved 1048576K
}
Event: 11.552 GC heap before
{Heap before GC invocations=19 (full 0):
 garbage-first heap   total 184320K, used 160551K [0x0000000709400000, 0x0000000800000000)
  region size 2048K, 30 young (61440K), 4 survivors (8192K)
 Metaspace       used 73826K, committed 74624K, reserved 1179648K
  class space    used 8045K, committed 8448K, reserved 1048576K
}
Event: 11.569 GC heap after
{Heap after GC invocations=20 (full 0):
 garbage-first heap   total 184320K, used 114680K [0x0000000709400000, 0x0000000800000000)
  region size 2048K, 4 young (8192K), 4 survivors (8192K)
 Metaspace       used 73826K, committed 74624K, reserved 1179648K
  class space    used 8045K, committed 8448K, reserved 1048576K
}
Event: 12.203 GC heap before
{Heap before GC invocations=20 (full 0):
 garbage-first heap   total 184320K, used 163832K [0x0000000709400000, 0x0000000800000000)
  region size 2048K, 28 young (57344K), 4 survivors (8192K)
 Metaspace       used 77183K, committed 78016K, reserved 1179648K
  class space    used 8301K, committed 8704K, reserved 1048576K
}
Event: 12.221 GC heap after
{Heap after GC invocations=21 (full 0):
 garbage-first heap   total 221184K, used 123253K [0x0000000709400000, 0x0000000800000000)
  region size 2048K, 4 young (8192K), 4 survivors (8192K)
 Metaspace       used 77183K, committed 78016K, reserved 1179648K
  class space    used 8301K, committed 8704K, reserved 1048576K
}
Event: 12.897 GC heap before
{Heap before GC invocations=22 (full 0):
 garbage-first heap   total 221184K, used 188789K [0x0000000709400000, 0x0000000800000000)
  region size 2048K, 37 young (75776K), 4 survivors (8192K)
 Metaspace       used 82729K, committed 83520K, reserved 1179648K
  class space    used 8832K, committed 9216K, reserved 1048576K
}
Event: 12.913 GC heap after
{Heap after GC invocations=23 (full 0):
 garbage-first heap   total 221184K, used 130555K [0x0000000709400000, 0x0000000800000000)
  region size 2048K, 4 young (8192K), 4 survivors (8192K)
 Metaspace       used 82729K, committed 83520K, reserved 1179648K
  class space    used 8832K, committed 9216K, reserved 1048576K
}
Event: 13.511 GC heap before
{Heap before GC invocations=23 (full 0):
 garbage-first heap   total 221184K, used 191995K [0x0000000709400000, 0x0000000800000000)
  region size 2048K, 34 young (69632K), 4 survivors (8192K)
 Metaspace       used 84189K, committed 84992K, reserved 1179648K
  class space    used 8900K, committed 9280K, reserved 1048576K
}
Event: 13.527 GC heap after
{Heap after GC invocations=24 (full 0):
 garbage-first heap   total 221184K, used 130361K [0x0000000709400000, 0x0000000800000000)
  region size 2048K, 1 young (2048K), 1 survivors (2048K)
 Metaspace       used 84189K, committed 84992K, reserved 1179648K
  class space    used 8900K, committed 9280K, reserved 1048576K
}
Event: 13.776 GC heap before
{Heap before GC invocations=24 (full 0):
 garbage-first heap   total 221184K, used 197945K [0x0000000709400000, 0x0000000800000000)
  region size 2048K, 34 young (69632K), 1 survivors (2048K)
 Metaspace       used 84230K, committed 84992K, reserved 1179648K
  class space    used 8900K, committed 9280K, reserved 1048576K
}
Event: 13.781 GC heap after
{Heap after GC invocations=25 (full 0):
 garbage-first heap   total 221184K, used 130882K [0x0000000709400000, 0x0000000800000000)
  region size 2048K, 2 young (4096K), 2 survivors (4096K)
 Metaspace       used 84230K, committed 84992K, reserved 1179648K
  class space    used 8900K, committed 9280K, reserved 1048576K
}

