# JRE version: OpenJDK Runtime Environment (21.0.3) (build 21.0.3+-12282718-b509.11)
# Java VM: OpenJDK 64-Bit Server VM (21.0.3+-12282718-b509.11, mixed mode, tiered, compressed oops, compressed class ptrs, g1 gc, windows-amd64)
GC Precious Log:
 CardTable entry size: 512
 Card Set container configuration: InlinePtr #cards 5 size 8 Array Of Cards #cards 12 size 40 Howl #buckets 4 coarsen threshold 1843 Howl Bitmap #cards 512 size 80 coarsen threshold 460 Card regions per heap region 1 cards per card region 2048
 CPUs: 16 total, 16 available
 Memory: 15789M
 Large Page Support: Disabled
 NUMA Support: Disabled
 Compressed Oops: Enabled (32-bit)
 Heap Region Size: 1M
 Heap Min Capacity: 8M
 Heap Initial Capacity: 248M
 Heap Max Capacity: 2G
 Pre-touch: Disabled
 Parallel Workers: 13
 Concurrent Workers: 3
 Concurrent Refinement Workers: 13
 Periodic GC: Disabled
Heap:
 garbage-first heap   total 355328K, used 228504K [0x0000000080000000, 0x0000000100000000)
  region size 1024K, 28 young (28672K), 10 survivors (10240K)
 Metaspace       used 171317K, committed 173952K, reserved 1245184K
  class space    used 21921K, committed 23232K, reserved 1048576K
GC Heap History (20 events):
Event: 12.602 GC heap before
{Heap before GC invocations=33 (full 0):
 garbage-first heap   total 252928K, used 214487K [0x0000000080000000, 0x0000000100000000)
  region size 1024K, 73 young (74752K), 6 survivors (6144K)
 Metaspace       used 110395K, committed 112576K, reserved 1179648K
  class space    used 15102K, committed 16192K, reserved 1048576K
}
Event: 12.611 GC heap after
{Heap after GC invocations=34 (full 0):
 garbage-first heap   total 252928K, used 158564K [0x0000000080000000, 0x0000000100000000)
  region size 1024K, 10 young (10240K), 10 survivors (10240K)
 Metaspace       used 110395K, committed 112576K, reserved 1179648K
  class space    used 15102K, committed 16192K, reserved 1048576K
}
Event: 13.093 GC heap before
{Heap before GC invocations=34 (full 0):
 garbage-first heap   total 252928K, used 230244K [0x0000000080000000, 0x0000000100000000)
  region size 1024K, 73 young (74752K), 10 survivors (10240K)
 Metaspace       used 114901K, committed 116992K, reserved 1179648K
  class space    used 15613K, committed 16704K, reserved 1048576K
}
Event: 13.102 GC heap after
{Heap after GC invocations=35 (full 0):
 garbage-first heap   total 253952K, used 174782K [0x0000000080000000, 0x0000000100000000)
  region size 1024K, 10 young (10240K), 10 survivors (10240K)
 Metaspace       used 114901K, committed 116992K, reserved 1179648K
  class space    used 15613K, committed 16704K, reserved 1048576K
}
Event: 13.656 GC heap before
{Heap before GC invocations=35 (full 0):
 garbage-first heap   total 253952K, used 229054K [0x0000000080000000, 0x0000000100000000)
  region size 1024K, 63 young (64512K), 10 survivors (10240K)
 Metaspace       used 120579K, committed 122688K, reserved 1179648K
  class space    used 16119K, committed 17216K, reserved 1048576K
}
Event: 13.661 GC heap after
{Heap after GC invocations=36 (full 0):
 garbage-first heap   total 253952K, used 181701K [0x0000000080000000, 0x0000000100000000)
  region size 1024K, 6 young (6144K), 6 survivors (6144K)
 Metaspace       used 120579K, committed 122688K, reserved 1179648K
  class space    used 16119K, committed 17216K, reserved 1048576K
}
Event: 14.164 GC heap before
{Heap before GC invocations=37 (full 0):
 garbage-first heap   total 312320K, used 229829K [0x0000000080000000, 0x0000000100000000)
  region size 1024K, 53 young (54272K), 6 survivors (6144K)
 Metaspace       used 126250K, committed 128704K, reserved 1179648K
  class space    used 16872K, committed 18112K, reserved 1048576K
}
Event: 14.168 GC heap after
{Heap after GC invocations=38 (full 0):
 garbage-first heap   total 312320K, used 185004K [0x0000000080000000, 0x0000000100000000)
  region size 1024K, 4 young (4096K), 4 survivors (4096K)
 Metaspace       used 126250K, committed 128704K, reserved 1179648K
  class space    used 16872K, committed 18112K, reserved 1048576K
}
Event: 14.912 GC heap before
{Heap before GC invocations=38 (full 0):
 garbage-first heap   total 312320K, used 276140K [0x0000000080000000, 0x0000000100000000)
  region size 1024K, 92 young (94208K), 4 survivors (4096K)
 Metaspace       used 132965K, committed 135424K, reserved 1179648K
  class space    used 17655K, committed 18944K, reserved 1048576K
}
Event: 14.917 GC heap after
{Heap after GC invocations=39 (full 0):
 garbage-first heap   total 312320K, used 189530K [0x0000000080000000, 0x0000000100000000)
  region size 1024K, 9 young (9216K), 9 survivors (9216K)
 Metaspace       used 132965K, committed 135424K, reserved 1179648K
  class space    used 17655K, committed 18944K, reserved 1048576K
}
Event: 16.212 GC heap before
{Heap before GC invocations=39 (full 0):
 garbage-first heap   total 312320K, used 278618K [0x0000000080000000, 0x0000000100000000)
  region size 1024K, 96 young (98304K), 9 survivors (9216K)
 Metaspace       used 138098K, committed 140608K, reserved 1179648K
  class space    used 18035K, committed 19328K, reserved 1048576K
}
Event: 16.221 GC heap after
{Heap after GC invocations=40 (full 0):
 garbage-first heap   total 312320K, used 197674K [0x0000000080000000, 0x0000000100000000)
  region size 1024K, 12 young (12288K), 12 survivors (12288K)
 Metaspace       used 138098K, committed 140608K, reserved 1179648K
  class space    used 18035K, committed 19328K, reserved 1048576K
}
Event: 17.313 GC heap before
{Heap before GC invocations=41 (full 0):
 garbage-first heap   total 337920K, used 281642K [0x0000000080000000, 0x0000000100000000)
  region size 1024K, 94 young (96256K), 12 survivors (12288K)
 Metaspace       used 149336K, committed 151808K, reserved 1245184K
  class space    used 19183K, committed 20416K, reserved 1048576K
}
Event: 17.322 GC heap after
{Heap after GC invocations=42 (full 0):
 garbage-first heap   total 337920K, used 203500K [0x0000000080000000, 0x0000000100000000)
  region size 1024K, 6 young (6144K), 6 survivors (6144K)
 Metaspace       used 149336K, committed 151808K, reserved 1245184K
  class space    used 19183K, committed 20416K, reserved 1048576K
}
Event: 18.693 GC heap before
{Heap before GC invocations=42 (full 0):
 garbage-first heap   total 337920K, used 303852K [0x0000000080000000, 0x0000000100000000)
  region size 1024K, 104 young (106496K), 6 survivors (6144K)
 Metaspace       used 162239K, committed 164672K, reserved 1245184K
  class space    used 20457K, committed 21696K, reserved 1048576K
}
Event: 18.702 GC heap after
{Heap after GC invocations=43 (full 0):
 garbage-first heap   total 337920K, used 205064K [0x0000000080000000, 0x0000000100000000)
  region size 1024K, 8 young (8192K), 8 survivors (8192K)
 Metaspace       used 162239K, committed 164672K, reserved 1245184K
  class space    used 20457K, committed 21696K, reserved 1048576K
}
Event: 18.890 GC heap before
{Heap before GC invocations=43 (full 0):
 garbage-first heap   total 337920K, used 222472K [0x0000000080000000, 0x0000000100000000)
  region size 1024K, 26 young (26624K), 8 survivors (8192K)
 Metaspace       used 163511K, committed 166016K, reserved 1245184K
  class space    used 20624K, committed 21888K, reserved 1048576K
}
Event: 18.896 GC heap after
{Heap after GC invocations=44 (full 0):
 garbage-first heap   total 337920K, used 206295K [0x0000000080000000, 0x0000000100000000)
  region size 1024K, 9 young (9216K), 9 survivors (9216K)
 Metaspace       used 163511K, committed 166016K, reserved 1245184K
  class space    used 20624K, committed 21888K, reserved 1048576K
}
Event: 20.097 GC heap before
{Heap before GC invocations=45 (full 0):
 garbage-first heap   total 355328K, used 310743K [0x0000000080000000, 0x0000000100000000)
  region size 1024K, 110 young (112640K), 9 survivors (9216K)
 Metaspace       used 170379K, committed 172992K, reserved 1245184K
  class space    used 21786K, committed 23104K, reserved 1048576K
}
Event: 20.106 GC heap after
{Heap after GC invocations=46 (full 0):
 garbage-first heap   total 355328K, used 211096K [0x0000000080000000, 0x0000000100000000)
  region size 1024K, 10 young (10240K), 10 survivors (10240K)
 Metaspace       used 170379K, committed 172992K, reserved 1245184K
  class space    used 21786K, committed 23104K, reserved 1048576K
}

