# JRE version: OpenJDK Runtime Environment (21.0.3) (build 21.0.3+-12282718-b509.11)
# Java VM: OpenJDK 64-Bit Server VM (21.0.3+-12282718-b509.11, mixed mode, tiered, compressed oops, compressed class ptrs, g1 gc, windows-amd64)
GC Precious Log:
 CardTable entry size: 512
 Card Set container configuration: InlinePtr #cards 4 size 8 Array Of Cards #cards 16 size 48 Howl #buckets 8 coarsen threshold 3686 Howl Bitmap #cards 512 size 80 coarsen threshold 460 Card regions per heap region 1 cards per card region 4096
 CPUs: 16 total, 16 available
 Memory: 15789M
 Large Page Support: Disabled
 NUMA Support: Disabled
 Compressed Oops: Enabled (Zero based)
 Heap Region Size: 2M
 Heap Min Capacity: 8M
 Heap Initial Capacity: 248M
 Heap Max Capacity: 3948M
 Pre-touch: Disabled
 Parallel Workers: 13
 Concurrent Workers: 3
 Concurrent Refinement Workers: 13
 Periodic GC: Disabled
Heap:
 garbage-first heap   total 188416K, used 134200K [0x0000000709400000, 0x0000000800000000)
  region size 2048K, 30 young (61440K), 5 survivors (10240K)
 Metaspace       used 62240K, committed 63040K, reserved 1114112K
  class space    used 7032K, committed 7424K, reserved 1048576K
GC Heap History (20 events):
Event: 2.145 GC heap before
{Heap before GC invocations=3 (full 0):
 garbage-first heap   total 40960K, used 37450K [0x0000000709400000, 0x0000000800000000)
  region size 2048K, 17 young (34816K), 3 survivors (6144K)
 Metaspace       used 25821K, committed 26112K, reserved 1114112K
  class space    used 3087K, committed 3200K, reserved 1048576K
}
Event: 2.153 GC heap after
{Heap after GC invocations=4 (full 0):
 garbage-first heap   total 53248K, used 16708K [0x0000000709400000, 0x0000000800000000)
  region size 2048K, 4 young (8192K), 4 survivors (8192K)
 Metaspace       used 25821K, committed 26112K, reserved 1114112K
  class space    used 3087K, committed 3200K, reserved 1048576K
}
Event: 2.686 GC heap before
{Heap before GC invocations=4 (full 0):
 garbage-first heap   total 53248K, used 39236K [0x0000000709400000, 0x0000000800000000)
  region size 2048K, 15 young (30720K), 4 survivors (8192K)
 Metaspace       used 31623K, committed 31872K, reserved 1114112K
  class space    used 3910K, committed 4032K, reserved 1048576K
}
Event: 2.694 GC heap after
{Heap after GC invocations=5 (full 0):
 garbage-first heap   total 53248K, used 17591K [0x0000000709400000, 0x0000000800000000)
  region size 2048K, 2 young (4096K), 2 survivors (4096K)
 Metaspace       used 31623K, committed 31872K, reserved 1114112K
  class space    used 3910K, committed 4032K, reserved 1048576K
}
Event: 2.934 GC heap before
{Heap before GC invocations=5 (full 0):
 garbage-first heap   total 53248K, used 36023K [0x0000000709400000, 0x0000000800000000)
  region size 2048K, 12 young (24576K), 2 survivors (4096K)
 Metaspace       used 35908K, committed 36096K, reserved 1114112K
  class space    used 4306K, committed 4416K, reserved 1048576K
}
Event: 2.938 GC heap after
{Heap after GC invocations=6 (full 0):
 garbage-first heap   total 53248K, used 19963K [0x0000000709400000, 0x0000000800000000)
  region size 2048K, 1 young (2048K), 1 survivors (2048K)
 Metaspace       used 35908K, committed 36096K, reserved 1114112K
  class space    used 4306K, committed 4416K, reserved 1048576K
}
Event: 3.208 GC heap before
{Heap before GC invocations=7 (full 0):
 garbage-first heap   total 53248K, used 40443K [0x0000000709400000, 0x0000000800000000)
  region size 2048K, 12 young (24576K), 1 survivors (2048K)
 Metaspace       used 39465K, committed 40064K, reserved 1114112K
  class space    used 4781K, committed 5056K, reserved 1048576K
}
Event: 3.212 GC heap after
{Heap after GC invocations=8 (full 0):
 garbage-first heap   total 53248K, used 21830K [0x0000000709400000, 0x0000000800000000)
  region size 2048K, 2 young (4096K), 2 survivors (4096K)
 Metaspace       used 39465K, committed 40064K, reserved 1114112K
  class space    used 4781K, committed 5056K, reserved 1048576K
}
Event: 3.631 GC heap before
{Heap before GC invocations=8 (full 0):
 garbage-first heap   total 53248K, used 44358K [0x0000000709400000, 0x0000000800000000)
  region size 2048K, 13 young (26624K), 2 survivors (4096K)
 Metaspace       used 42387K, committed 43072K, reserved 1114112K
  class space    used 5081K, committed 5440K, reserved 1048576K
}
Event: 3.642 GC heap after
{Heap after GC invocations=9 (full 0):
 garbage-first heap   total 155648K, used 26555K [0x0000000709400000, 0x0000000800000000)
  region size 2048K, 2 young (4096K), 2 survivors (4096K)
 Metaspace       used 42387K, committed 43072K, reserved 1114112K
  class space    used 5081K, committed 5440K, reserved 1048576K
}
Event: 5.075 GC heap before
{Heap before GC invocations=9 (full 0):
 garbage-first heap   total 155648K, used 114619K [0x0000000709400000, 0x0000000800000000)
  region size 2048K, 45 young (92160K), 2 survivors (4096K)
 Metaspace       used 51904K, committed 52672K, reserved 1114112K
  class space    used 6084K, committed 6464K, reserved 1048576K
}
Event: 5.092 GC heap after
{Heap after GC invocations=10 (full 0):
 garbage-first heap   total 155648K, used 42222K [0x0000000709400000, 0x0000000800000000)
  region size 2048K, 6 young (12288K), 6 survivors (12288K)
 Metaspace       used 51904K, committed 52672K, reserved 1114112K
  class space    used 6084K, committed 6464K, reserved 1048576K
}
Event: 6.848 GC heap before
{Heap before GC invocations=10 (full 0):
 garbage-first heap   total 155648K, used 122094K [0x0000000709400000, 0x0000000800000000)
  region size 2048K, 44 young (90112K), 6 survivors (12288K)
 Metaspace       used 58056K, committed 58816K, reserved 1114112K
  class space    used 6670K, committed 7040K, reserved 1048576K
}
Event: 6.876 GC heap after
{Heap after GC invocations=11 (full 0):
 garbage-first heap   total 155648K, used 59139K [0x0000000709400000, 0x0000000800000000)
  region size 2048K, 6 young (12288K), 6 survivors (12288K)
 Metaspace       used 58056K, committed 58816K, reserved 1114112K
  class space    used 6670K, committed 7040K, reserved 1048576K
}
Event: 7.748 GC heap before
{Heap before GC invocations=11 (full 0):
 garbage-first heap   total 155648K, used 122627K [0x0000000709400000, 0x0000000800000000)
  region size 2048K, 37 young (75776K), 6 survivors (12288K)
 Metaspace       used 59489K, committed 60288K, reserved 1114112K
  class space    used 6801K, committed 7168K, reserved 1048576K
}
Event: 7.772 GC heap after
{Heap after GC invocations=12 (full 0):
 garbage-first heap   total 155648K, used 71144K [0x0000000709400000, 0x0000000800000000)
  region size 2048K, 5 young (10240K), 5 survivors (10240K)
 Metaspace       used 59489K, committed 60288K, reserved 1114112K
  class space    used 6801K, committed 7168K, reserved 1048576K
}
Event: 7.824 GC heap before
{Heap before GC invocations=12 (full 0):
 garbage-first heap   total 155648K, used 71144K [0x0000000709400000, 0x0000000800000000)
  region size 2048K, 6 young (12288K), 5 survivors (10240K)
 Metaspace       used 59677K, committed 60416K, reserved 1114112K
  class space    used 6824K, committed 7168K, reserved 1048576K
}
Event: 7.836 GC heap after
{Heap after GC invocations=13 (full 0):
 garbage-first heap   total 188416K, used 74562K [0x0000000709400000, 0x0000000800000000)
  region size 2048K, 1 young (2048K), 1 survivors (2048K)
 Metaspace       used 59677K, committed 60416K, reserved 1114112K
  class space    used 6824K, committed 7168K, reserved 1048576K
}
Event: 8.606 GC heap before
{Heap before GC invocations=14 (full 0):
 garbage-first heap   total 188416K, used 152386K [0x0000000709400000, 0x0000000800000000)
  region size 2048K, 39 young (79872K), 1 survivors (2048K)
 Metaspace       used 61400K, committed 62144K, reserved 1114112K
  class space    used 6916K, committed 7296K, reserved 1048576K
}
Event: 8.618 GC heap after
{Heap after GC invocations=15 (full 0):
 garbage-first heap   total 188416K, used 85048K [0x0000000709400000, 0x0000000800000000)
  region size 2048K, 5 young (10240K), 5 survivors (10240K)
 Metaspace       used 61400K, committed 62144K, reserved 1114112K
  class space    used 6916K, committed 7296K, reserved 1048576K
}

