# JRE version: OpenJDK Runtime Environment (21.0.3) (build 21.0.3+-12282718-b509.11)
# Java VM: OpenJDK 64-Bit Server VM (21.0.3+-12282718-b509.11, mixed mode, tiered, compressed oops, compressed class ptrs, g1 gc, windows-amd64)
GC Precious Log:
 CardTable entry size: 512
 Card Set container configuration: InlinePtr #cards 5 size 8 Array Of Cards #cards 12 size 40 Howl #buckets 4 coarsen threshold 1843 Howl Bitmap #cards 512 size 80 coarsen threshold 460 Card regions per heap region 1 cards per card region 2048
 CPUs: 16 total, 16 available
 Memory: 15789M
 Large Page Support: Disabled
 NUMA Support: Disabled
 Compressed Oops: Enabled (32-bit)
 Heap Region Size: 1M
 Heap Min Capacity: 8M
 Heap Initial Capacity: 248M
 Heap Max Capacity: 2G
 Pre-touch: Disabled
 Parallel Workers: 13
 Concurrent Workers: 3
 Concurrent Refinement Workers: 13
 Periodic GC: Disabled
Heap:
 garbage-first heap   total 306176K, used 251433K [0x0000000080000000, 0x0000000100000000)
  region size 1024K, 91 young (93184K), 14 survivors (14336K)
 Metaspace       used 142674K, committed 144960K, reserved 1179648K
  class space    used 18368K, committed 19520K, reserved 1048576K
GC Heap History (20 events):
Event: 5.092 GC heap before
{Heap before GC invocations=17 (full 0):
 garbage-first heap   total 116736K, used 115069K [0x0000000080000000, 0x0000000100000000)
  region size 1024K, 48 young (49152K), 5 survivors (5120K)
 Metaspace       used 58538K, committed 60096K, reserved 1114112K
  class space    used 7883K, committed 8640K, reserved 1048576K
}
Event: 5.098 GC heap after
{Heap after GC invocations=18 (full 0):
 garbage-first heap   total 128000K, used 75718K [0x0000000080000000, 0x0000000100000000)
  region size 1024K, 7 young (7168K), 7 survivors (7168K)
 Metaspace       used 58538K, committed 60096K, reserved 1114112K
  class space    used 7883K, committed 8640K, reserved 1048576K
}
Event: 5.504 GC heap before
{Heap before GC invocations=18 (full 0):
 garbage-first heap   total 128000K, used 113606K [0x0000000080000000, 0x0000000100000000)
  region size 1024K, 44 young (45056K), 7 survivors (7168K)
 Metaspace       used 61782K, committed 63360K, reserved 1114112K
  class space    used 8355K, committed 9152K, reserved 1048576K
}
Event: 5.508 GC heap after
{Heap after GC invocations=19 (full 0):
 garbage-first heap   total 284672K, used 77018K [0x0000000080000000, 0x0000000100000000)
  region size 1024K, 2 young (2048K), 2 survivors (2048K)
 Metaspace       used 61782K, committed 63360K, reserved 1114112K
  class space    used 8355K, committed 9152K, reserved 1048576K
}
Event: 7.364 GC heap before
{Heap before GC invocations=20 (full 0):
 garbage-first heap   total 266240K, used 233690K [0x0000000080000000, 0x0000000100000000)
  region size 1024K, 156 young (159744K), 2 survivors (2048K)
 Metaspace       used 72875K, committed 74752K, reserved 1114112K
  class space    used 9970K, committed 10880K, reserved 1048576K
}
Event: 7.371 GC heap after
{Heap after GC invocations=21 (full 0):
 garbage-first heap   total 266240K, used 88707K [0x0000000080000000, 0x0000000100000000)
  region size 1024K, 14 young (14336K), 14 survivors (14336K)
 Metaspace       used 72875K, committed 74752K, reserved 1114112K
  class space    used 9970K, committed 10880K, reserved 1048576K
}
Event: 7.713 GC heap before
{Heap before GC invocations=21 (full 0):
 garbage-first heap   total 266240K, used 219779K [0x0000000080000000, 0x0000000100000000)
  region size 1024K, 143 young (146432K), 14 survivors (14336K)
 Metaspace       used 73029K, committed 74816K, reserved 1114112K
  class space    used 9971K, committed 10880K, reserved 1048576K
}
Event: 7.719 GC heap after
{Heap after GC invocations=22 (full 0):
 garbage-first heap   total 266240K, used 91251K [0x0000000080000000, 0x0000000100000000)
  region size 1024K, 6 young (6144K), 6 survivors (6144K)
 Metaspace       used 73029K, committed 74816K, reserved 1114112K
  class space    used 9971K, committed 10880K, reserved 1048576K
}
Event: 8.757 GC heap before
{Heap before GC invocations=22 (full 0):
 garbage-first heap   total 266240K, used 196723K [0x0000000080000000, 0x0000000100000000)
  region size 1024K, 110 young (112640K), 6 survivors (6144K)
 Metaspace       used 87949K, committed 89792K, reserved 1179648K
  class space    used 12306K, committed 13248K, reserved 1048576K
}
Event: 8.761 GC heap after
{Heap after GC invocations=23 (full 0):
 garbage-first heap   total 266240K, used 94759K [0x0000000080000000, 0x0000000100000000)
  region size 1024K, 10 young (10240K), 10 survivors (10240K)
 Metaspace       used 87949K, committed 89792K, reserved 1179648K
  class space    used 12306K, committed 13248K, reserved 1048576K
}
Event: 9.508 GC heap before
{Heap before GC invocations=24 (full 0):
 garbage-first heap   total 266240K, used 263719K [0x0000000080000000, 0x0000000100000000)
  region size 1024K, 146 young (149504K), 10 survivors (10240K)
 Metaspace       used 92717K, committed 94592K, reserved 1179648K
  class space    used 12824K, committed 13760K, reserved 1048576K
}
Event: 9.526 GC heap after
{Heap after GC invocations=25 (full 0):
 garbage-first heap   total 306176K, used 138489K [0x0000000080000000, 0x0000000100000000)
  region size 1024K, 19 young (19456K), 19 survivors (19456K)
 Metaspace       used 92717K, committed 94592K, reserved 1179648K
  class space    used 12824K, committed 13760K, reserved 1048576K
}
Event: 10.714 GC heap before
{Heap before GC invocations=25 (full 0):
 garbage-first heap   total 306176K, used 264441K [0x0000000080000000, 0x0000000100000000)
  region size 1024K, 138 young (141312K), 19 survivors (19456K)
 Metaspace       used 106363K, committed 108544K, reserved 1179648K
  class space    used 14354K, committed 15424K, reserved 1048576K
}
Event: 10.724 GC heap after
{Heap after GC invocations=26 (full 0):
 garbage-first heap   total 306176K, used 153743K [0x0000000080000000, 0x0000000100000000)
  region size 1024K, 10 young (10240K), 10 survivors (10240K)
 Metaspace       used 106363K, committed 108544K, reserved 1179648K
  class space    used 14354K, committed 15424K, reserved 1048576K
}
Event: 11.059 GC heap before
{Heap before GC invocations=26 (full 0):
 garbage-first heap   total 306176K, used 186511K [0x0000000080000000, 0x0000000100000000)
  region size 1024K, 43 young (44032K), 10 survivors (10240K)
 Metaspace       used 110518K, committed 112704K, reserved 1179648K
  class space    used 14871K, committed 15936K, reserved 1048576K
}
Event: 11.063 GC heap after
{Heap after GC invocations=27 (full 0):
 garbage-first heap   total 306176K, used 157157K [0x0000000080000000, 0x0000000100000000)
  region size 1024K, 3 young (3072K), 3 survivors (3072K)
 Metaspace       used 110518K, committed 112704K, reserved 1179648K
  class space    used 14871K, committed 15936K, reserved 1048576K
}
Event: 12.165 GC heap before
{Heap before GC invocations=28 (full 0):
 garbage-first heap   total 306176K, used 273893K [0x0000000080000000, 0x0000000100000000)
  region size 1024K, 117 young (119808K), 3 survivors (3072K)
 Metaspace       used 119854K, committed 122048K, reserved 1179648K
  class space    used 15908K, committed 17024K, reserved 1048576K
}
Event: 12.169 GC heap after
{Heap after GC invocations=29 (full 0):
 garbage-first heap   total 306176K, used 163536K [0x0000000080000000, 0x0000000100000000)
  region size 1024K, 10 young (10240K), 10 survivors (10240K)
 Metaspace       used 119854K, committed 122048K, reserved 1179648K
  class space    used 15908K, committed 17024K, reserved 1048576K
}
Event: 13.466 GC heap before
{Heap before GC invocations=29 (full 0):
 garbage-first heap   total 306176K, used 281296K [0x0000000080000000, 0x0000000100000000)
  region size 1024K, 120 young (122880K), 10 survivors (10240K)
 Metaspace       used 134115K, committed 136384K, reserved 1179648K
  class space    used 17355K, committed 18496K, reserved 1048576K
}
Event: 13.472 GC heap after
{Heap after GC invocations=30 (full 0):
 garbage-first heap   total 306176K, used 173609K [0x0000000080000000, 0x0000000100000000)
  region size 1024K, 14 young (14336K), 14 survivors (14336K)
 Metaspace       used 134115K, committed 136384K, reserved 1179648K
  class space    used 17355K, committed 18496K, reserved 1048576K
}

