# JRE version: OpenJDK Runtime Environment (21.0.3) (build 21.0.3+-12282718-b509.11)
# Java VM: OpenJDK 64-Bit Server VM (21.0.3+-12282718-b509.11, mixed mode, tiered, compressed oops, compressed class ptrs, g1 gc, windows-amd64)
GC Precious Log:
 CardTable entry size: 512
 Card Set container configuration: InlinePtr #cards 5 size 8 Array Of Cards #cards 12 size 40 Howl #buckets 4 coarsen threshold 1843 Howl Bitmap #cards 512 size 80 coarsen threshold 460 Card regions per heap region 1 cards per card region 2048
 CPUs: 16 total, 16 available
 Memory: 15789M
 Large Page Support: Disabled
 NUMA Support: Disabled
 Compressed Oops: Enabled (32-bit)
 Heap Region Size: 1M
 Heap Min Capacity: 8M
 Heap Initial Capacity: 248M
 Heap Max Capacity: 2G
 Pre-touch: Disabled
 Parallel Workers: 13
 Concurrent Workers: 3
 Concurrent Refinement Workers: 13
 Periodic GC: Disabled
Heap:
 garbage-first heap   total 321536K, used 212782K [0x0000000080000000, 0x0000000100000000)
  region size 1024K, 15 young (15360K), 12 survivors (12288K)
 Metaspace       used 157786K, committed 160192K, reserved 1245184K
  class space    used 20068K, committed 21312K, reserved 1048576K
GC Heap History (20 events):
Event: 10.466 GC heap before
{Heap before GC invocations=33 (full 0):
 garbage-first heap   total 227328K, used 200704K [0x0000000080000000, 0x0000000100000000)
  region size 1024K, 66 young (67584K), 10 survivors (10240K)
 Metaspace       used 98539K, committed 100416K, reserved 1179648K
  class space    used 13352K, committed 14272K, reserved 1048576K
}
Event: 10.472 GC heap after
{Heap after GC invocations=34 (full 0):
 garbage-first heap   total 273408K, used 150566K [0x0000000080000000, 0x0000000100000000)
  region size 1024K, 6 young (6144K), 6 survivors (6144K)
 Metaspace       used 98539K, committed 100416K, reserved 1179648K
  class space    used 13352K, committed 14272K, reserved 1048576K
}
Event: 11.271 GC heap before
{Heap before GC invocations=35 (full 0):
 garbage-first heap   total 273408K, used 234534K [0x0000000080000000, 0x0000000100000000)
  region size 1024K, 88 young (90112K), 6 survivors (6144K)
 Metaspace       used 109682K, committed 111872K, reserved 1179648K
  class space    used 14786K, committed 15872K, reserved 1048576K
}
Event: 11.276 GC heap after
{Heap after GC invocations=36 (full 0):
 garbage-first heap   total 273408K, used 153797K [0x0000000080000000, 0x0000000100000000)
  region size 1024K, 9 young (9216K), 9 survivors (9216K)
 Metaspace       used 109682K, committed 111872K, reserved 1179648K
  class space    used 14786K, committed 15872K, reserved 1048576K
}
Event: 12.001 GC heap before
{Heap before GC invocations=36 (full 0):
 garbage-first heap   total 273408K, used 242885K [0x0000000080000000, 0x0000000100000000)
  region size 1024K, 95 young (97280K), 9 survivors (9216K)
 Metaspace       used 115282K, committed 117440K, reserved 1179648K
  class space    used 15374K, committed 16448K, reserved 1048576K
}
Event: 12.006 GC heap after
{Heap after GC invocations=37 (full 0):
 garbage-first heap   total 273408K, used 157926K [0x0000000080000000, 0x0000000100000000)
  region size 1024K, 10 young (10240K), 10 survivors (10240K)
 Metaspace       used 115282K, committed 117440K, reserved 1179648K
  class space    used 15374K, committed 16448K, reserved 1048576K
}
Event: 12.896 GC heap before
{Heap before GC invocations=37 (full 0):
 garbage-first heap   total 273408K, used 243942K [0x0000000080000000, 0x0000000100000000)
  region size 1024K, 95 young (97280K), 10 survivors (10240K)
 Metaspace       used 127383K, committed 129536K, reserved 1179648K
  class space    used 16648K, committed 17728K, reserved 1048576K
}
Event: 12.902 GC heap after
{Heap after GC invocations=38 (full 0):
 garbage-first heap   total 273408K, used 162624K [0x0000000080000000, 0x0000000100000000)
  region size 1024K, 11 young (11264K), 11 survivors (11264K)
 Metaspace       used 127383K, committed 129536K, reserved 1179648K
  class space    used 16648K, committed 17728K, reserved 1048576K
}
Event: 13.885 GC heap before
{Heap before GC invocations=39 (full 0):
 garbage-first heap   total 280576K, used 250688K [0x0000000080000000, 0x0000000100000000)
  region size 1024K, 92 young (94208K), 11 survivors (11264K)
 Metaspace       used 135415K, committed 137600K, reserved 1179648K
  class space    used 17532K, committed 18624K, reserved 1048576K
}
Event: 13.891 GC heap after
{Heap after GC invocations=40 (full 0):
 garbage-first heap   total 280576K, used 174340K [0x0000000080000000, 0x0000000100000000)
  region size 1024K, 12 young (12288K), 12 survivors (12288K)
 Metaspace       used 135415K, committed 137600K, reserved 1179648K
  class space    used 17532K, committed 18624K, reserved 1048576K
}
Event: 14.623 GC heap before
{Heap before GC invocations=40 (full 0):
 garbage-first heap   total 280576K, used 257284K [0x0000000080000000, 0x0000000100000000)
  region size 1024K, 88 young (90112K), 12 survivors (12288K)
 Metaspace       used 143412K, committed 145728K, reserved 1179648K
  class space    used 18481K, committed 19648K, reserved 1048576K
}
Event: 14.629 GC heap after
{Heap after GC invocations=41 (full 0):
 garbage-first heap   total 280576K, used 180068K [0x0000000080000000, 0x0000000100000000)
  region size 1024K, 6 young (6144K), 6 survivors (6144K)
 Metaspace       used 143412K, committed 145728K, reserved 1179648K
  class space    used 18481K, committed 19648K, reserved 1048576K
}
Event: 15.326 GC heap before
{Heap before GC invocations=41 (full 0):
 garbage-first heap   total 280576K, used 247652K [0x0000000080000000, 0x0000000100000000)
  region size 1024K, 73 young (74752K), 6 survivors (6144K)
 Metaspace       used 149405K, committed 151808K, reserved 1245184K
  class space    used 19257K, committed 20480K, reserved 1048576K
}
Event: 15.330 GC heap after
{Heap after GC invocations=42 (full 0):
 garbage-first heap   total 280576K, used 183340K [0x0000000080000000, 0x0000000100000000)
  region size 1024K, 10 young (10240K), 10 survivors (10240K)
 Metaspace       used 149405K, committed 151808K, reserved 1245184K
  class space    used 19257K, committed 20480K, reserved 1048576K
}
Event: 16.065 GC heap before
{Heap before GC invocations=43 (full 0):
 garbage-first heap   total 321536K, used 256044K [0x0000000080000000, 0x0000000100000000)
  region size 1024K, 77 young (78848K), 10 survivors (10240K)
 Metaspace       used 154325K, committed 156672K, reserved 1245184K
  class space    used 19914K, committed 21120K, reserved 1048576K
}
Event: 16.070 GC heap after
{Heap after GC invocations=44 (full 0):
 garbage-first heap   total 321536K, used 193059K [0x0000000080000000, 0x0000000100000000)
  region size 1024K, 9 young (9216K), 9 survivors (9216K)
 Metaspace       used 154325K, committed 156672K, reserved 1245184K
  class space    used 19914K, committed 21120K, reserved 1048576K
}
Event: 16.506 GC heap before
{Heap before GC invocations=44 (full 0):
 garbage-first heap   total 321536K, used 288291K [0x0000000080000000, 0x0000000100000000)
  region size 1024K, 102 young (104448K), 9 survivors (9216K)
 Metaspace       used 154771K, committed 157184K, reserved 1245184K
  class space    used 19941K, committed 21184K, reserved 1048576K
}
Event: 16.513 GC heap after
{Heap after GC invocations=45 (full 0):
 garbage-first heap   total 321536K, used 197523K [0x0000000080000000, 0x0000000100000000)
  region size 1024K, 13 young (13312K), 13 survivors (13312K)
 Metaspace       used 154771K, committed 157184K, reserved 1245184K
  class space    used 19941K, committed 21184K, reserved 1048576K
}
Event: 17.787 GC heap before
{Heap before GC invocations=45 (full 0):
 garbage-first heap   total 321536K, used 290707K [0x0000000080000000, 0x0000000100000000)
  region size 1024K, 104 young (106496K), 13 survivors (13312K)
 Metaspace       used 157531K, committed 159936K, reserved 1245184K
  class space    used 20040K, committed 21248K, reserved 1048576K
}
Event: 17.795 GC heap after
{Heap after GC invocations=46 (full 0):
 garbage-first heap   total 321536K, used 210734K [0x0000000080000000, 0x0000000100000000)
  region size 1024K, 12 young (12288K), 12 survivors (12288K)
 Metaspace       used 157531K, committed 159936K, reserved 1245184K
  class space    used 20040K, committed 21248K, reserved 1048576K
}

