# JRE version: OpenJDK Runtime Environment (21.0.3) (build 21.0.3+-12282718-b509.11)
# Java VM: OpenJDK 64-Bit Server VM (21.0.3+-12282718-b509.11, mixed mode, tiered, compressed oops, compressed class ptrs, g1 gc, windows-amd64)
GC Precious Log:
 CardTable entry size: 512
 Card Set container configuration: InlinePtr #cards 5 size 8 Array Of Cards #cards 12 size 40 Howl #buckets 4 coarsen threshold 1843 Howl Bitmap #cards 512 size 80 coarsen threshold 460 Card regions per heap region 1 cards per card region 2048
 CPUs: 16 total, 16 available
 Memory: 15789M
 Large Page Support: Disabled
 NUMA Support: Disabled
 Compressed Oops: Enabled (32-bit)
 Heap Region Size: 1M
 Heap Min Capacity: 8M
 Heap Initial Capacity: 248M
 Heap Max Capacity: 2G
 Pre-touch: Disabled
 Parallel Workers: 13
 Concurrent Workers: 3
 Concurrent Refinement Workers: 13
 Periodic GC: Disabled
Heap:
 garbage-first heap   total 264192K, used 90529K [0x0000000080000000, 0x0000000100000000)
  region size 1024K, 5 young (5120K), 5 survivors (5120K)
 Metaspace       used 73074K, committed 74880K, reserved 1114112K
  class space    used 9976K, committed 10944K, reserved 1048576K
GC Heap History (20 events):
Event: 4.791 GC heap after
{Heap after GC invocations=12 (full 0):
 garbage-first heap   total 97280K, used 51672K [0x0000000080000000, 0x0000000100000000)
  region size 1024K, 6 young (6144K), 6 survivors (6144K)
 Metaspace       used 49559K, committed 50816K, reserved 1114112K
  class space    used 6727K, committed 7360K, reserved 1048576K
}
Event: 4.792 GC heap before
{Heap before GC invocations=12 (full 0):
 garbage-first heap   total 97280K, used 51672K [0x0000000080000000, 0x0000000100000000)
  region size 1024K, 8 young (8192K), 6 survivors (6144K)
 Metaspace       used 49560K, committed 50816K, reserved 1114112K
  class space    used 6727K, committed 7360K, reserved 1048576K
}
Event: 4.794 GC heap after
{Heap after GC invocations=13 (full 0):
 garbage-first heap   total 116736K, used 52556K [0x0000000080000000, 0x0000000100000000)
  region size 1024K, 1 young (1024K), 1 survivors (1024K)
 Metaspace       used 49560K, committed 50816K, reserved 1114112K
  class space    used 6727K, committed 7360K, reserved 1048576K
}
Event: 4.795 GC heap before
{Heap before GC invocations=13 (full 0):
 garbage-first heap   total 116736K, used 53580K [0x0000000080000000, 0x0000000100000000)
  region size 1024K, 1 young (1024K), 1 survivors (1024K)
 Metaspace       used 49560K, committed 50816K, reserved 1114112K
  class space    used 6727K, committed 7360K, reserved 1048576K
}
Event: 4.796 GC heap after
{Heap after GC invocations=14 (full 0):
 garbage-first heap   total 116736K, used 52949K [0x0000000080000000, 0x0000000100000000)
  region size 1024K, 1 young (1024K), 1 survivors (1024K)
 Metaspace       used 49560K, committed 50816K, reserved 1114112K
  class space    used 6727K, committed 7360K, reserved 1048576K
}
Event: 5.381 GC heap before
{Heap before GC invocations=15 (full 0):
 garbage-first heap   total 116736K, used 107221K [0x0000000080000000, 0x0000000100000000)
  region size 1024K, 50 young (51200K), 1 survivors (1024K)
 Metaspace       used 55814K, committed 57280K, reserved 1114112K
  class space    used 7659K, committed 8384K, reserved 1048576K
}
Event: 5.384 GC heap after
{Heap after GC invocations=16 (full 0):
 garbage-first heap   total 116736K, used 56697K [0x0000000080000000, 0x0000000100000000)
  region size 1024K, 5 young (5120K), 5 survivors (5120K)
 Metaspace       used 55814K, committed 57280K, reserved 1114112K
  class space    used 7659K, committed 8384K, reserved 1048576K
}
Event: 5.848 GC heap before
{Heap before GC invocations=16 (full 0):
 garbage-first heap   total 116736K, used 115065K [0x0000000080000000, 0x0000000100000000)
  region size 1024K, 47 young (48128K), 5 survivors (5120K)
 Metaspace       used 58674K, committed 60224K, reserved 1114112K
  class space    used 7895K, committed 8640K, reserved 1048576K
}
Event: 5.852 GC heap after
{Heap after GC invocations=17 (full 0):
 garbage-first heap   total 129024K, used 76561K [0x0000000080000000, 0x0000000100000000)
  region size 1024K, 7 young (7168K), 7 survivors (7168K)
 Metaspace       used 58674K, committed 60224K, reserved 1114112K
  class space    used 7895K, committed 8640K, reserved 1048576K
}
Event: 6.181 GC heap before
{Heap before GC invocations=17 (full 0):
 garbage-first heap   total 129024K, used 114449K [0x0000000080000000, 0x0000000100000000)
  region size 1024K, 44 young (45056K), 7 survivors (7168K)
 Metaspace       used 61693K, committed 63296K, reserved 1114112K
  class space    used 8341K, committed 9088K, reserved 1048576K
}
Event: 6.184 GC heap after
{Heap after GC invocations=18 (full 0):
 garbage-first heap   total 129024K, used 78744K [0x0000000080000000, 0x0000000100000000)
  region size 1024K, 3 young (3072K), 3 survivors (3072K)
 Metaspace       used 61693K, committed 63296K, reserved 1114112K
  class space    used 8341K, committed 9088K, reserved 1048576K
}
Event: 6.573 GC heap before
{Heap before GC invocations=19 (full 0):
 garbage-first heap   total 137216K, used 116632K [0x0000000080000000, 0x0000000100000000)
  region size 1024K, 40 young (40960K), 3 survivors (3072K)
 Metaspace       used 66603K, committed 68224K, reserved 1114112K
  class space    used 9067K, committed 9856K, reserved 1048576K
}
Event: 6.576 GC heap after
{Heap after GC invocations=20 (full 0):
 garbage-first heap   total 137216K, used 80962K [0x0000000080000000, 0x0000000100000000)
  region size 1024K, 5 young (5120K), 5 survivors (5120K)
 Metaspace       used 66603K, committed 68224K, reserved 1114112K
  class space    used 9067K, committed 9856K, reserved 1048576K
}
Event: 7.064 GC heap before
{Heap before GC invocations=20 (full 0):
 garbage-first heap   total 137216K, used 122946K [0x0000000080000000, 0x0000000100000000)
  region size 1024K, 46 young (47104K), 5 survivors (5120K)
 Metaspace       used 70697K, committed 72512K, reserved 1114112K
  class space    used 9749K, committed 10688K, reserved 1048576K
}
Event: 7.068 GC heap after
{Heap after GC invocations=21 (full 0):
 garbage-first heap   total 137216K, used 83494K [0x0000000080000000, 0x0000000100000000)
  region size 1024K, 6 young (6144K), 6 survivors (6144K)
 Metaspace       used 70697K, committed 72512K, reserved 1114112K
  class space    used 9749K, committed 10688K, reserved 1048576K
}
Event: 7.616 GC heap before
{Heap before GC invocations=21 (full 0):
 garbage-first heap   total 137216K, used 121382K [0x0000000080000000, 0x0000000100000000)
  region size 1024K, 44 young (45056K), 6 survivors (6144K)
 Metaspace       used 72741K, committed 74560K, reserved 1114112K
  class space    used 9976K, committed 10944K, reserved 1048576K
}
Event: 7.621 GC heap after
{Heap after GC invocations=22 (full 0):
 garbage-first heap   total 137216K, used 89059K [0x0000000080000000, 0x0000000100000000)
  region size 1024K, 6 young (6144K), 6 survivors (6144K)
 Metaspace       used 72741K, committed 74560K, reserved 1114112K
  class space    used 9976K, committed 10944K, reserved 1048576K
}
Event: 7.836 GC heap before
{Heap before GC invocations=23 (full 0):
 garbage-first heap   total 155648K, used 121827K [0x0000000080000000, 0x0000000100000000)
  region size 1024K, 38 young (38912K), 6 survivors (6144K)
 Metaspace       used 72873K, committed 74752K, reserved 1114112K
  class space    used 9976K, committed 10944K, reserved 1048576K
}
Event: 7.839 GC heap after
{Heap after GC invocations=24 (full 0):
 garbage-first heap   total 155648K, used 90786K [0x0000000080000000, 0x0000000100000000)
  region size 1024K, 4 young (4096K), 4 survivors (4096K)
 Metaspace       used 72873K, committed 74752K, reserved 1114112K
  class space    used 9976K, committed 10944K, reserved 1048576K
}
Event: 8.005 GC heap before
{Heap before GC invocations=24 (full 0):
 garbage-first heap   total 155648K, used 138914K [0x0000000080000000, 0x0000000100000000)
  region size 1024K, 52 young (53248K), 4 survivors (4096K)
 Metaspace       used 73074K, committed 74880K, reserved 1114112K
  class space    used 9976K, committed 10944K, reserved 1048576K
}

